c:\users\matthewc\desktop\basic game engine 2019\game project\game project\debug\main.obj
c:\users\matthewc\desktop\basic game engine 2019\game project\game project\debug\vc100.pdb
c:\users\matthewc\desktop\basic game engine 2019\game project\debug\game project.ilk
c:\users\matthewc\desktop\basic game engine 2019\game project\debug\game project.exe
c:\users\matthewc\desktop\basic game engine 2019\game project\game project\debug\game project.exe.intermediate.manifest
c:\users\matthewc\desktop\basic game engine 2019\game project\debug\game project.pdb
d:\users\matthewc\desktop\game project\game project\game project\debug\vc120.pdb
d:\users\matthewc\desktop\game project\game project\game project\debug\vc120.idb
d:\users\matthewc\desktop\game project\game project\game project\debug\main.obj
d:\users\matthewc\desktop\game project\game project\game project\debug\game project.vcxprojresolveassemblyreference.cache
d:\users\matthewc\desktop\game project\game project\game project\debug\cl.command.1.tlog
d:\users\matthewc\desktop\game project\game project\game project\debug\cl.read.1.tlog
d:\users\matthewc\desktop\game project\game project\game project\debug\cl.write.1.tlog
d:\users\matthewc\desktop\game project\game project\game project\debug\game project.write.1.tlog
d:\users\matthewc\desktop\game project\game project\game project\debug\link.command.1.tlog
d:\users\matthewc\desktop\game project\game project\game project\debug\link.read.1.tlog
d:\users\matthewc\desktop\game project\game project\game project\debug\link.write.1.tlog
d:\users\matthewc\desktop\game project\game project\game project\debug\mt.command.1.tlog
d:\users\matthewc\desktop\game project\game project\game project\debug\mt.read.1.tlog
d:\users\matthewc\desktop\game project\game project\game project\debug\mt.write.1.tlog
d:\users\matthewc\desktop\game project\game project\game project\debug\game project.exe.intermediate.manifest
d:\users\matthewc\desktop\game project\game project\game project\debug\vc100.idb
d:\users\matthewc\desktop\game project\game project\game project\debug\vc100.pdb
d:\users\matthewc\desktop\game project\game project\debug\game project.pdb
d:\users\matthewc\desktop\game project\game project\game project\debug\game project.tlog\cl.command.1.tlog
d:\users\matthewc\desktop\game project\game project\game project\debug\game project.tlog\cl.read.1.tlog
d:\users\matthewc\desktop\game project\game project\game project\debug\game project.tlog\cl.write.1.tlog
d:\users\matthewc\desktop\game project\game project\game project\debug\game project.tlog\link-cvtres.read.1.tlog
d:\users\matthewc\desktop\game project\game project\game project\debug\game project.tlog\link-cvtres.write.1.tlog
d:\users\matthewc\desktop\game project\game project\game project\debug\game project.tlog\link-rc.read.1.tlog
d:\users\matthewc\desktop\game project\game project\game project\debug\game project.tlog\link-rc.write.1.tlog
d:\users\matthewc\desktop\game project\game project\game project\debug\game project.tlog\link.command.1.tlog
d:\users\matthewc\desktop\game project\game project\game project\debug\game project.tlog\link.read.1.tlog
d:\users\matthewc\desktop\game project\game project\game project\debug\game project.tlog\link.write.1.tlog
